[20:54:23] [main/INFO]: Setting user: Player489
[20:54:24] [Client thread/INFO]: LWJGL Version: 2.9.1
[20:54:38] [Client thread/INFO]: Reloading ResourceManager: Default, FMLFileResourcePack:Forge Mod Loader, FMLFileResourcePack:Minecraft Forge, FMLFileResourcePack:Sci-Revolution
[20:54:39] [Sound Library Loader/INFO]: Sound engine started
[20:54:55] [Client thread/INFO]: Created: 16x16 textures/blocks-atlas
[20:54:55] [Client thread/INFO]: Created: 16x16 textures/items-atlas
[20:54:56] [Client thread/INFO]: Reloading ResourceManager: Default, FMLFileResourcePack:Forge Mod Loader, FMLFileResourcePack:Minecraft Forge, FMLFileResourcePack:Sci-Revolution
[20:54:56] [Client thread/INFO]: Created: 512x256 textures/blocks-atlas
[20:54:56] [Client thread/INFO]: Created: 512x256 textures/items-atlas
[20:54:57] [Sound Library Loader/INFO]: Sound engine started
[20:55:32] [Server thread/INFO]: Starting integrated minecraft server version 1.7.10
[20:55:32] [Server thread/INFO]: Generating keypair
[20:55:33] [Server thread/INFO]: Preparing start region for level 0
[20:55:33] [Server thread/INFO]: Changing view distance to 8, from 10
[20:55:34] [Server thread/INFO]: Player489[local:E:4c1557b0] logged in with entity id 181 at (576.360922574939, 4.0, 352.3936542812227)
[20:55:34] [Server thread/INFO]: Player489 加入了游戏
[20:55:51] [pool-2-thread-1/WARN]: Couldn't look up profile properties for com.mojang.authlib.GameProfile@e06925[id=68d62d0c-b648-358d-9849-8d64b49bd6dc,name=Player489,properties={},legacy=false]
com.mojang.authlib.exceptions.AuthenticationUnavailableException: Cannot contact authentication server
	at com.mojang.authlib.yggdrasil.YggdrasilAuthenticationService.makeRequest(YggdrasilAuthenticationService.java:71) ~[YggdrasilAuthenticationService.class:?]
	at com.mojang.authlib.yggdrasil.YggdrasilMinecraftSessionService.fillGameProfile(YggdrasilMinecraftSessionService.java:158) [YggdrasilMinecraftSessionService.class:?]
	at com.mojang.authlib.yggdrasil.YggdrasilMinecraftSessionService$1.load(YggdrasilMinecraftSessionService.java:53) [YggdrasilMinecraftSessionService$1.class:?]
	at com.mojang.authlib.yggdrasil.YggdrasilMinecraftSessionService$1.load(YggdrasilMinecraftSessionService.java:50) [YggdrasilMinecraftSessionService$1.class:?]
	at com.google.common.cache.LocalCache$LoadingValueReference.loadFuture(LocalCache.java:3524) [guava-17.0.jar:?]
	at com.google.common.cache.LocalCache$Segment.loadSync(LocalCache.java:2317) [guava-17.0.jar:?]
	at com.google.common.cache.LocalCache$Segment.lockedGetOrLoad(LocalCache.java:2280) [guava-17.0.jar:?]
	at com.google.common.cache.LocalCache$Segment.get(LocalCache.java:2195) [guava-17.0.jar:?]
	at com.google.common.cache.LocalCache.get(LocalCache.java:3934) [guava-17.0.jar:?]
	at com.google.common.cache.LocalCache.getOrLoad(LocalCache.java:3938) [guava-17.0.jar:?]
	at com.google.common.cache.LocalCache$LocalLoadingCache.get(LocalCache.java:4821) [guava-17.0.jar:?]
	at com.google.common.cache.LocalCache$LocalLoadingCache.getUnchecked(LocalCache.java:4827) [guava-17.0.jar:?]
	at com.mojang.authlib.yggdrasil.YggdrasilMinecraftSessionService.fillProfileProperties(YggdrasilMinecraftSessionService.java:148) [YggdrasilMinecraftSessionService.class:?]
	at net.minecraft.client.resources.SkinManager$3.run(SkinManager.java:133) [SkinManager$3.class:?]
	at java.util.concurrent.Executors$RunnableAdapter.call(Executors.java:511) [?:1.8.0_131]
	at java.util.concurrent.FutureTask.run(FutureTask.java:266) [?:1.8.0_131]
	at java.util.concurrent.ThreadPoolExecutor.runWorker(ThreadPoolExecutor.java:1142) [?:1.8.0_131]
	at java.util.concurrent.ThreadPoolExecutor$Worker.run(ThreadPoolExecutor.java:617) [?:1.8.0_131]
	at java.lang.Thread.run(Thread.java:748) [?:1.8.0_131]
Caused by: java.net.SocketTimeoutException: Read timed out
	at java.net.SocketInputStream.socketRead0(Native Method) ~[?:1.8.0_131]
	at java.net.SocketInputStream.socketRead(SocketInputStream.java:116) ~[?:1.8.0_131]
	at java.net.SocketInputStream.read(SocketInputStream.java:171) ~[?:1.8.0_131]
	at java.net.SocketInputStream.read(SocketInputStream.java:141) ~[?:1.8.0_131]
	at sun.security.ssl.InputRecord.readFully(InputRecord.java:465) ~[?:1.8.0_131]
	at sun.security.ssl.InputRecord.read(InputRecord.java:503) ~[?:1.8.0_131]
	at sun.security.ssl.SSLSocketImpl.readRecord(SSLSocketImpl.java:973) ~[?:1.8.0_131]
	at sun.security.ssl.SSLSocketImpl.performInitialHandshake(SSLSocketImpl.java:1375) ~[?:1.8.0_131]
	at sun.security.ssl.SSLSocketImpl.startHandshake(SSLSocketImpl.java:1403) ~[?:1.8.0_131]
	at sun.security.ssl.SSLSocketImpl.startHandshake(SSLSocketImpl.java:1387) ~[?:1.8.0_131]
	at sun.net.www.protocol.https.HttpsClient.afterConnect(HttpsClient.java:559) ~[?:1.8.0_131]
	at sun.net.www.protocol.https.AbstractDelegateHttpsURLConnection.connect(AbstractDelegateHttpsURLConnection.java:185) ~[?:1.8.0_131]
	at sun.net.www.protocol.http.HttpURLConnection.getInputStream0(HttpURLConnection.java:1546) ~[?:1.8.0_131]
	at sun.net.www.protocol.http.HttpURLConnection.access$200(HttpURLConnection.java:91) ~[?:1.8.0_131]
	at sun.net.www.protocol.http.HttpURLConnection$9.run(HttpURLConnection.java:1466) ~[?:1.8.0_131]
	at sun.net.www.protocol.http.HttpURLConnection$9.run(HttpURLConnection.java:1464) ~[?:1.8.0_131]
	at java.security.AccessController.doPrivileged(Native Method) ~[?:1.8.0_131]
	at java.security.AccessController.doPrivilegedWithCombiner(AccessController.java:782) ~[?:1.8.0_131]
	at sun.net.www.protocol.http.HttpURLConnection.getInputStream(HttpURLConnection.java:1463) ~[?:1.8.0_131]
	at sun.net.www.protocol.https.HttpsURLConnectionImpl.getInputStream(HttpsURLConnectionImpl.java:254) ~[?:1.8.0_131]
	at com.mojang.authlib.HttpAuthenticationService.performGetRequest(HttpAuthenticationService.java:126) ~[HttpAuthenticationService.class:?]
	at com.mojang.authlib.yggdrasil.YggdrasilAuthenticationService.makeRequest(YggdrasilAuthenticationService.java:54) ~[YggdrasilAuthenticationService.class:?]
	... 18 more
[20:55:54] [Server thread/INFO]: Saving and pausing game...
[20:55:54] [Server thread/INFO]: Saving chunks for level 'Test World'/Overworld
[20:55:54] [Server thread/INFO]: Saving chunks for level 'Test World'/Nether
[20:55:54] [Server thread/INFO]: Saving chunks for level 'Test World'/The End
[20:55:54] [Server thread/INFO]: Stopping server
[20:55:54] [Server thread/INFO]: Saving players
[20:55:54] [Server thread/INFO]: Saving worlds
[20:55:54] [Server thread/INFO]: Saving chunks for level 'Test World'/Overworld
[20:55:54] [Server thread/INFO]: Saving chunks for level 'Test World'/Nether
[20:55:54] [Server thread/INFO]: Saving chunks for level 'Test World'/The End
[20:55:56] [Server thread/INFO]: Starting integrated minecraft server version 1.7.10
[20:55:56] [Server thread/INFO]: Generating keypair
[20:55:56] [Server thread/INFO]: Preparing start region for level 0
[20:55:57] [Server thread/INFO]: Changing view distance to 8, from 10
[20:55:57] [Server thread/INFO]: Player489[local:E:d5c4c12d] logged in with entity id 452 at (578.3896090100595, 4.6875, 352.01864402032504)
[20:55:57] [Server thread/INFO]: Player489 加入了游戏
[20:56:37] [Server thread/INFO]: Saving and pausing game...
[20:56:37] [Server thread/INFO]: Saving chunks for level 'Test World'/Overworld
[20:56:37] [Server thread/INFO]: Saving chunks for level 'Test World'/Nether
[20:56:37] [Server thread/INFO]: Saving chunks for level 'Test World'/The End
[20:56:37] [Server thread/INFO]: Stopping server
[20:56:37] [Server thread/INFO]: Saving players
[20:56:37] [Server thread/INFO]: Saving worlds
[20:56:37] [Server thread/INFO]: Saving chunks for level 'Test World'/Overworld
[20:56:37] [Server thread/INFO]: Saving chunks for level 'Test World'/Nether
[20:56:37] [Server thread/INFO]: Saving chunks for level 'Test World'/The End
[20:56:38] [Client thread/INFO]: Stopping!
[23:13:54] [main/INFO]: Setting user: Player613
